ERROR LOG
04-06-2020 ---- 17:52:8:266487
Failed for pk: 1---['01-04-2020']----[[1, 4, 2020]]
----------------------------------------------------------------------------------------------------
ERROR LOG
04-06-2020 ---- 17:52:8:267672
Failed for pk: 1---['01-04-2020']----[[1, 4, 2020]]
----------------------------------------------------------------------------------------------------
ERROR LOG
04-06-2020 ---- 17:52:8:321015
Failed for pk: 1---[1, 2, 3]----[]
----------------------------------------------------------------------------------------------------
ERROR LOG
04-06-2020 ---- 17:52:8:323488
Failed for pk: 10---['04-20-2020', '04-11-2020', '04-15-2020', '04-01-2020', '04-02-2020']----[[4, 20, 2020], [4, 11, 2020], [4, 15, 2020], [4, 1, 2020], [4, 2, 2020]]
----------------------------------------------------------------------------------------------------
ERROR LOG
04-06-2020 ---- 17:52:8:323571
Failed for pk: 1---['04-20-20', '04-11-2020', '04-15-2020', '04-01-2020', '04-02-2020']----[[], [4, 11, 2020], [4, 15, 2020], [4, 1, 2020], [4, 2, 2020]]
----------------------------------------------------------------------------------------------------
ERROR LOG
04-06-2020 ---- 18:2:26:439900
Failed for pk: 1---['01-04-2020']----[[1, 4, 2020]]
----------------------------------------------------------------------------------------------------
ERROR LOG
04-06-2020 ---- 18:2:26:491223
Failed for pk: 1---[1, 2, 3]----[]
----------------------------------------------------------------------------------------------------
ERROR LOG
04-06-2020 ---- 18:2:26:493676
Failed for pk: 10---['04-20-2020', '04-11-2020', '04-15-2020', '04-01-2020', '04-02-2020']----[[4, 20, 2020], [4, 11, 2020], [4, 15, 2020], [4, 1, 2020], [4, 2, 2020]]
----------------------------------------------------------------------------------------------------
ERROR LOG
04-06-2020 ---- 18:2:26:493759
Failed for pk: 1---['04-20-20', '04-11-2020', '04-15-2020', '04-01-2020', '04-02-2020']----[[], [4, 11, 2020], [4, 15, 2020], [4, 1, 2020], [4, 2, 2020]]
----------------------------------------------------------------------------------------------------
ERROR LOG
04-06-2020 ---- 18:2:41:433527
Failed for pk: 1---['01-04-2020']----[[1, 4, 2020]]
----------------------------------------------------------------------------------------------------
ERROR LOG
04-06-2020 ---- 18:2:41:489731
Failed for pk: 1---[1, 2, 3]----[]
----------------------------------------------------------------------------------------------------
ERROR LOG
04-06-2020 ---- 18:2:41:492046
Failed for pk: 10---['04-20-2020', '04-11-2020', '04-15-2020', '04-01-2020', '04-02-2020']----[[4, 20, 2020], [4, 11, 2020], [4, 15, 2020], [4, 1, 2020], [4, 2, 2020]]
----------------------------------------------------------------------------------------------------
ERROR LOG
04-06-2020 ---- 18:2:41:492131
Failed for pk: 1---['04-20-20', '04-11-2020', '04-15-2020', '04-01-2020', '04-02-2020']----[[], [4, 11, 2020], [4, 15, 2020], [4, 1, 2020], [4, 2, 2020]]
----------------------------------------------------------------------------------------------------
ERROR LOG
04-06-2020 ---- 18:52:57:215492
Failed for pk: 1---['01-04-2020']----[[1, 4, 2020]]
----------------------------------------------------------------------------------------------------
ERROR LOG
04-06-2020 ---- 18:52:57:271314
Failed for pk: 1---[1, 2, 3]----[]
----------------------------------------------------------------------------------------------------
ERROR LOG
04-06-2020 ---- 18:52:57:273622
Failed for pk: 10---['04-20-2020', '04-11-2020', '04-15-2020', '04-01-2020', '04-02-2020']----[[4, 20, 2020], [4, 11, 2020], [4, 15, 2020], [4, 1, 2020], [4, 2, 2020]]
----------------------------------------------------------------------------------------------------
ERROR LOG
04-06-2020 ---- 18:52:57:273704
Failed for pk: 1---['04-20-20', '04-11-2020', '04-15-2020', '04-01-2020', '04-02-2020']----[[], [4, 11, 2020], [4, 15, 2020], [4, 1, 2020], [4, 2, 2020]]
----------------------------------------------------------------------------------------------------
ERROR LOG
04-06-2020 ---- 18:54:44:389151
Failed for pk: 1---['01-04-2020']----[[1, 4, 2020]]
----------------------------------------------------------------------------------------------------
ERROR LOG
04-06-2020 ---- 18:54:44:483886
Failed for pk: 1---[1, 2, 3]----[]
----------------------------------------------------------------------------------------------------
ERROR LOG
04-06-2020 ---- 18:54:44:487969
Failed for pk: 10---['04-20-2020', '04-11-2020', '04-15-2020', '04-01-2020', '04-02-2020']----[[4, 20, 2020], [4, 11, 2020], [4, 15, 2020], [4, 1, 2020], [4, 2, 2020]]
----------------------------------------------------------------------------------------------------
ERROR LOG
04-06-2020 ---- 18:54:44:488092
Failed for pk: 1---['04-20-20', '04-11-2020', '04-15-2020', '04-01-2020', '04-02-2020']----[[], [4, 11, 2020], [4, 15, 2020], [4, 1, 2020], [4, 2, 2020]]
----------------------------------------------------------------------------------------------------
ERROR LOG
04-06-2020 ---- 18:55:21:355108
Failed for pk: 1---['01-04-2020']----[[1, 4, 2020]]
----------------------------------------------------------------------------------------------------
ERROR LOG
04-06-2020 ---- 18:55:21:452964
Failed for pk: 1---[1, 2, 3]----[]
----------------------------------------------------------------------------------------------------
ERROR LOG
04-06-2020 ---- 18:55:21:456088
Failed for pk: 10---['04-20-2020', '04-11-2020', '04-15-2020', '04-01-2020', '04-02-2020']----[[4, 20, 2020], [4, 11, 2020], [4, 15, 2020], [4, 1, 2020], [4, 2, 2020]]
----------------------------------------------------------------------------------------------------
ERROR LOG
04-06-2020 ---- 18:55:21:456199
Failed for pk: 1---['04-20-20', '04-11-2020', '04-15-2020', '04-01-2020', '04-02-2020']----[[], [4, 11, 2020], [4, 15, 2020], [4, 1, 2020], [4, 2, 2020]]
----------------------------------------------------------------------------------------------------
ERROR LOG
04-06-2020 ---- 18:55:48:57232
Failed for pk: 1---['01-04-2020']----[[1, 4, 2020]]
----------------------------------------------------------------------------------------------------
ERROR LOG
04-06-2020 ---- 18:55:48:149976
Failed for pk: 1---[1, 2, 3]----[]
----------------------------------------------------------------------------------------------------
ERROR LOG
04-06-2020 ---- 18:55:48:153924
Failed for pk: 10---['04-20-2020', '04-11-2020', '04-15-2020', '04-01-2020', '04-02-2020']----[[4, 20, 2020], [4, 11, 2020], [4, 15, 2020], [4, 1, 2020], [4, 2, 2020]]
----------------------------------------------------------------------------------------------------
ERROR LOG
04-06-2020 ---- 18:55:48:154044
Failed for pk: 1---['04-20-20', '04-11-2020', '04-15-2020', '04-01-2020', '04-02-2020']----[[], [4, 11, 2020], [4, 15, 2020], [4, 1, 2020], [4, 2, 2020]]
----------------------------------------------------------------------------------------------------
ERROR LOG
04-06-2020 ---- 18:57:43:812223
Failed for pk: 1---['01-04-2020']----[[1, 4, 2020]]
----------------------------------------------------------------------------------------------------
ERROR LOG
04-06-2020 ---- 18:57:43:926068
Failed for pk: 1---[1, 2, 3]----[]
----------------------------------------------------------------------------------------------------
ERROR LOG
04-06-2020 ---- 18:57:43:930159
Failed for pk: 10---['04-20-2020', '04-11-2020', '04-15-2020', '04-01-2020', '04-02-2020']----[[4, 20, 2020], [4, 11, 2020], [4, 15, 2020], [4, 1, 2020], [4, 2, 2020]]
----------------------------------------------------------------------------------------------------
ERROR LOG
04-06-2020 ---- 18:57:43:930309
Failed for pk: 1---['04-20-20', '04-11-2020', '04-15-2020', '04-01-2020', '04-02-2020']----[[], [4, 11, 2020], [4, 15, 2020], [4, 1, 2020], [4, 2, 2020]]
----------------------------------------------------------------------------------------------------
ERROR LOG
04-06-2020 ---- 19:1:23:534056
Failed for pk: 1---['01-04-2020']----[[1, 4, 2020]]
----------------------------------------------------------------------------------------------------
ERROR LOG
04-06-2020 ---- 19:1:23:539345
Failed for pk: 2---['xx-xx-xx', '01-20-2020']----[[], [1, 20, 2020]]
----------------------------------------------------------------------------------------------------
ERROR LOG
04-06-2020 ---- 19:1:23:626992
Failed for pk: 1---[1, 2, 3]----[]
----------------------------------------------------------------------------------------------------
ERROR LOG
04-06-2020 ---- 19:1:23:631774
Failed for pk: 10---['04-20-2020', '04-11-2020', '04-15-2020', '04-01-2020', '04-02-2020']----[[4, 20, 2020], [4, 11, 2020], [4, 15, 2020], [4, 1, 2020], [4, 2, 2020]]
----------------------------------------------------------------------------------------------------
ERROR LOG
04-06-2020 ---- 19:1:23:631897
Failed for pk: 1---['04-20-20', '04-11-2020', '04-15-2020', '04-01-2020', '04-02-2020']----[[], [4, 11, 2020], [4, 15, 2020], [4, 1, 2020], [4, 2, 2020]]
----------------------------------------------------------------------------------------------------
ERROR LOG
04-06-2020 ---- 19:17:5:453631
Failed for pk: 1---['01-04-2020']----[[1, 4, 2020]]
----------------------------------------------------------------------------------------------------
ERROR LOG
04-06-2020 ---- 19:17:5:457270
Failed for pk: 2---['xx-xx-xx', '01-20-2020']----[[], [1, 20, 2020]]
----------------------------------------------------------------------------------------------------
ERROR LOG
04-06-2020 ---- 19:17:5:510665
Failed for pk: 1---[1, 2, 3]----[]
----------------------------------------------------------------------------------------------------
ERROR LOG
04-06-2020 ---- 19:17:5:512998
Failed for pk: 10---['04-20-2020', '04-11-2020', '04-15-2020', '04-01-2020', '04-02-2020']----[[4, 20, 2020], [4, 11, 2020], [4, 15, 2020], [4, 1, 2020], [4, 2, 2020]]
----------------------------------------------------------------------------------------------------
ERROR LOG
04-06-2020 ---- 19:17:5:513104
Failed for pk: 1---['04-20-20', '04-11-2020', '04-15-2020', '04-01-2020', '04-02-2020']----[[], [4, 11, 2020], [4, 15, 2020], [4, 1, 2020], [4, 2, 2020]]
----------------------------------------------------------------------------------------------------
ERROR LOG
04-06-2020 ---- 19:19:23:638317
Failed for pk: 2---['xx-xx-xx', '01-20-2020']----[[], [1, 20, 2020]]
----------------------------------------------------------------------------------------------------
ERROR LOG
04-06-2020 ---- 19:19:23:695418
Failed for pk: 1---['04-20-20', '04-11-2020', '04-15-2020', '04-01-2020', '04-02-2020']----[[], [4, 11, 2020], [4, 15, 2020], [4, 1, 2020], [4, 2, 2020]]
----------------------------------------------------------------------------------------------------
ERROR LOG
04-06-2020 ---- 19:20:45:305222
Failed for pk: 2---['xx-xx-xx', '01-20-2020']----[[], [1, 20, 2020]]
----------------------------------------------------------------------------------------------------
ERROR LOG
04-06-2020 ---- 19:23:7:265797
Failed for pk: 2---['xx-xx-xx', '01-20-2020']----[[], [1, 20, 2020]]
----------------------------------------------------------------------------------------------------
